#
# An unexpected error has occurred (6)
#
Stack:
/lib/x86_64-linux-gnu/libc.so.6(+0x3c050) [0x7f0918e5b050]
/lib/x86_64-linux-gnu/libc.so.6(+0x8ae2c) [0x7f0918ea9e2c]
/lib/x86_64-linux-gnu/libc.so.6(gsignal+0x12) [0x7f0918e5afb2]
/lib/x86_64-linux-gnu/libc.so.6(abort+0xd3) [0x7f0918e45472]
/lib/x86_64-linux-gnu/libc.so.6(+0x26395) [0x7f0918e45395]
/lib/x86_64-linux-gnu/libc.so.6(+0x34eb2) [0x7f0918e53eb2]
/lib/x86_64-linux-gnu/libc.so.6(+0x91178) [0x7f0918eb0178]
/lib/x86_64-linux-gnu/libc.so.6(+0x8bd1f) [0x7f0918eaad1f]
/ext/eda/vivado/Vivado/2022.2/lib/lnx64.o/libboost_thread.so(+0x1a538) [0x7f091701a538]
/ext/eda/vivado/Vivado/2022.2/lib/lnx64.o/libboost_thread.so(boost::thread::native_handle()+0x26) [0x7f09170141d6]
/ext/eda/vivado/Vivado/2022.2/lib/lnx64.o/librdi_simbridge_kernel.so(SimBridge::WdbSharedMemReader::~WdbSharedMemReader()+0x1b) [0x7f09085f2d0b]
/ext/eda/vivado/Vivado/2022.2/lib/lnx64.o/librdi_simbridge_kernel.so(SimBridge::WdbLiveReader::~WdbLiveReader()+0x53) [0x7f09085e1863]
/ext/eda/vivado/Vivado/2022.2/lib/lnx64.o/librdi_simbridge_kernel.so(SimBridge::WdbLiveReader::~WdbLiveReader()+0x9) [0x7f09085e1b19]
/ext/eda/vivado/Vivado/2022.2/lib/lnx64.o/librdi_wavedata.so(SimBridge::DataObjMgr::~DataObjMgr()+0x39) [0x7f08eb17d799]
/ext/eda/vivado/Vivado/2022.2/lib/lnx64.o/librdi_wavedata.so(+0x2a6442) [0x7f08eb19f442]
/ext/eda/vivado/Vivado/2022.2/lib/lnx64.o/librdi_wavedata.so(SimBridge::DataReader::~DataReader()+0x28) [0x7f08eb18e9c8]
/ext/eda/vivado/Vivado/2022.2/lib/lnx64.o/librdi_wavedata.so(+0x2ebaea) [0x7f08eb1e4aea]
/ext/eda/vivado/Vivado/2022.2/lib/lnx64.o/librdi_wavedata.so(SimBridge::LiveSimClient::~LiveSimClient()+0x9) [0x7f08eb1e3409]
/ext/eda/vivado/Vivado/2022.2/lib/lnx64.o/librdi_simdata.so(RSDData::RSDLiveSimulationObject::closeLiveSimClient()+0x6b) [0x7f091435c85b]
/ext/eda/vivado/Vivado/2022.2/lib/lnx64.o/librdi_simdata.so(RSDData::RSDLiveSimulationObject::~RSDLiveSimulationObject()+0x2c) [0x7f091435ca1c]
/ext/eda/vivado/Vivado/2022.2/lib/lnx64.o/librdi_simdata.so(RSDData::RSDLiveSimulationObject::~RSDLiveSimulationObject()+0x9) [0x7f091435ca59]
/ext/eda/vivado/Vivado/2022.2/lib/lnx64.o/librdi_simtcltasks.so(+0x1ff5fa) [0x7f08a08085fa]
/ext/eda/vivado/Vivado/2022.2/lib/lnx64.o/librdi_common.so(+0xb9430f) [0x7f0919fec30f]
/ext/eda/vivado/Vivado/2022.2/lib/lnx64.o/libtcl8.5.so(+0x3356f) [0x7f0913c3356f]
/ext/eda/vivado/Vivado/2022.2/lib/lnx64.o/libtcl8.5.so(+0x76945) [0x7f0913c76945]
/ext/eda/vivado/Vivado/2022.2/lib/lnx64.o/libtcl8.5.so(+0x7e0f9) [0x7f0913c7e0f9]
/ext/eda/vivado/Vivado/2022.2/lib/lnx64.o/libtcl8.5.so(TclEvalObjEx+0x76) [0x7f0913c35216]
/ext/eda/vivado/Vivado/2022.2/lib/lnx64.o/librdi_common.so(+0xb91c33) [0x7f0919fe9c33]
/ext/eda/vivado/Vivado/2022.2/lib/lnx64.o/libtcl8.5.so(Tcl_ServiceEvent+0x7f) [0x7f0913ca7bef]
/ext/eda/vivado/Vivado/2022.2/lib/lnx64.o/libtcl8.5.so(Tcl_DoOneEvent+0x154) [0x7f0913ca7f24]
/ext/eda/vivado/Vivado/2022.2/lib/lnx64.o/librdi_commontasks.so(+0x2b3c27) [0x7f090d21fc27]
/ext/eda/vivado/Vivado/2022.2/lib/lnx64.o/librdi_commontasks.so(+0x2bc4f7) [0x7f090d2284f7]
/ext/eda/vivado/Vivado/2022.2/lib/lnx64.o/librdi_commontasks.so(+0x2bcdff) [0x7f090d228dff]
/ext/eda/vivado/Vivado/2022.2/lib/lnx64.o/librdi_common.so(+0xb9430f) [0x7f0919fec30f]
/ext/eda/vivado/Vivado/2022.2/lib/lnx64.o/libtcl8.5.so(+0x3356f) [0x7f0913c3356f]
/ext/eda/vivado/Vivado/2022.2/lib/lnx64.o/libtcl8.5.so(+0x76945) [0x7f0913c76945]
/ext/eda/vivado/Vivado/2022.2/lib/lnx64.o/libtcl8.5.so(+0x7e0f9) [0x7f0913c7e0f9]
/ext/eda/vivado/Vivado/2022.2/lib/lnx64.o/libtcl8.5.so(TclEvalObjEx+0x76) [0x7f0913c35216]
/ext/eda/vivado/Vivado/2022.2/lib/lnx64.o/librdi_commonmain.so(+0xc3d8) [0x7f091ac423d8]
/ext/eda/vivado/Vivado/2022.2/lib/lnx64.o/libtcl8.5.so(Tcl_Main+0x1d0) [0x7f0913ca02f0]
/ext/eda/vivado/Vivado/2022.2/lib/lnx64.o/librdi_common.so(+0xbc17ab) [0x7f091a0197ab]
/lib/x86_64-linux-gnu/libc.so.6(+0x89134) [0x7f0918ea8134]
/lib/x86_64-linux-gnu/libc.so.6(+0x1097dc) [0x7f0918f287dc]
