Time resolution is 1 ps
Note: Starting Division
Time: 20 ns  Iteration: 1  Process: /top_tb/dut/divider_i/state_transition  File: /home/leon/Desktop/FachpraktikumRechnerarchitektur/srt_division/srt_division_vhdl/srt_division_vhdl.srcs/sources_1/new/radix4_srt_divider.vhd
Note: un-normalized divisor = -3, dividend = 0
Time: 20 ns  Iteration: 1  Process: /top_tb/dut/divider_i/state_transition  File: /home/leon/Desktop/FachpraktikumRechnerarchitektur/srt_division/srt_division_vhdl/srt_division_vhdl.srcs/sources_1/new/radix4_srt_divider.vhd
Note: leading_zeros is 1
Time: 50 ns  Iteration: 1  Process: /top_tb/dut/divider_i/line__115  File: /home/leon/Desktop/FachpraktikumRechnerarchitektur/srt_division/srt_division_vhdl/srt_division_vhdl.srcs/sources_1/new/radix4_srt_divider.vhd
Note: normalization_shift is 00000000
Time: 50 ns  Iteration: 1  Process: /top_tb/dut/divider_i/line__115  File: /home/leon/Desktop/FachpraktikumRechnerarchitektur/srt_division/srt_division_vhdl/srt_division_vhdl.srcs/sources_1/new/radix4_srt_divider.vhd
Note: divisor_r is 011111111111111111111111111111101
Time: 50 ns  Iteration: 1  Process: /top_tb/dut/divider_i/line__115  File: /home/leon/Desktop/FachpraktikumRechnerarchitektur/srt_division/srt_division_vhdl/srt_division_vhdl.srcs/sources_1/new/radix4_srt_divider.vhd
Note: divisor shifted by 0 for normalization. normalized divisor = -3
Time: 50 ns  Iteration: 2  Process: /top_tb/dut/divider_i/state_transition  File: /home/leon/Desktop/FachpraktikumRechnerarchitektur/srt_division/srt_division_vhdl/srt_division_vhdl.srcs/sources_1/new/radix4_srt_divider.vhd
Note: iterations necessary for division are (width+amount shifted / 2) = 15
Time: 50 ns  Iteration: 2  Process: /top_tb/dut/divider_i/state_transition  File: /home/leon/Desktop/FachpraktikumRechnerarchitektur/srt_division/srt_division_vhdl/srt_division_vhdl.srcs/sources_1/new/radix4_srt_divider.vhd
Note: normalization_shift is 00000000
Time: 70 ns  Iteration: 1  Process: /top_tb/dut/divider_i/line__115  File: /home/leon/Desktop/FachpraktikumRechnerarchitektur/srt_division/srt_division_vhdl/srt_division_vhdl.srcs/sources_1/new/radix4_srt_divider.vhd
Note: remainder_r gets shifted by 0 to align the number
Time: 70 ns  Iteration: 1  Process: /top_tb/dut/divider_i/line__115  File: /home/leon/Desktop/FachpraktikumRechnerarchitektur/srt_division/srt_division_vhdl/srt_division_vhdl.srcs/sources_1/new/radix4_srt_divider.vhd
Note: shift_amount = 30
Time: 90 ns  Iteration: 1  Process: /top_tb/dut/divider_i/line__115  File: /home/leon/Desktop/FachpraktikumRechnerarchitektur/srt_division/srt_division_vhdl/srt_division_vhdl.srcs/sources_1/new/radix4_srt_divider.vhd
Note: remainder_r is 000000000000000000000000000000000000000000000000000000000000000000 <- quotient[30] = 0. decision bits are 000000
Time: 90 ns  Iteration: 1  Process: /top_tb/dut/divider_i/line__115  File: /home/leon/Desktop/FachpraktikumRechnerarchitektur/srt_division/srt_division_vhdl/srt_division_vhdl.srcs/sources_1/new/radix4_srt_divider.vhd
Note:         just shift
Time: 90 ns  Iteration: 1  Process: /top_tb/dut/divider_i/line__115  File: /home/leon/Desktop/FachpraktikumRechnerarchitektur/srt_division/srt_division_vhdl/srt_division_vhdl.srcs/sources_1/new/radix4_srt_divider.vhd
Note: quotient_int = 0000000000000000000000000000000000000000000000000000000000000000
Time: 90 ns  Iteration: 1  Process: /top_tb/dut/divider_i/line__115  File: /home/leon/Desktop/FachpraktikumRechnerarchitektur/srt_division/srt_division_vhdl/srt_division_vhdl.srcs/sources_1/new/radix4_srt_divider.vhd
Note: shift_amount = 28
Time: 110 ns  Iteration: 1  Process: /top_tb/dut/divider_i/line__115  File: /home/leon/Desktop/FachpraktikumRechnerarchitektur/srt_division/srt_division_vhdl/srt_division_vhdl.srcs/sources_1/new/radix4_srt_divider.vhd
Note: remainder_r is 000000000000000000000000000000000000000000000000000000000000000000 <- quotient[28] = 0. decision bits are 000000
Time: 110 ns  Iteration: 1  Process: /top_tb/dut/divider_i/line__115  File: /home/leon/Desktop/FachpraktikumRechnerarchitektur/srt_division/srt_division_vhdl/srt_division_vhdl.srcs/sources_1/new/radix4_srt_divider.vhd
Note:         just shift
Time: 110 ns  Iteration: 1  Process: /top_tb/dut/divider_i/line__115  File: /home/leon/Desktop/FachpraktikumRechnerarchitektur/srt_division/srt_division_vhdl/srt_division_vhdl.srcs/sources_1/new/radix4_srt_divider.vhd
Note: quotient_int = 0000000000000000000000000000000000000000000000000000000000000000
Time: 110 ns  Iteration: 1  Process: /top_tb/dut/divider_i/line__115  File: /home/leon/Desktop/FachpraktikumRechnerarchitektur/srt_division/srt_division_vhdl/srt_division_vhdl.srcs/sources_1/new/radix4_srt_divider.vhd
Note: shift_amount = 26
Time: 130 ns  Iteration: 1  Process: /top_tb/dut/divider_i/line__115  File: /home/leon/Desktop/FachpraktikumRechnerarchitektur/srt_division/srt_division_vhdl/srt_division_vhdl.srcs/sources_1/new/radix4_srt_divider.vhd
Note: remainder_r is 000000000000000000000000000000000000000000000000000000000000000000 <- quotient[26] = 0. decision bits are 000000
Time: 130 ns  Iteration: 1  Process: /top_tb/dut/divider_i/line__115  File: /home/leon/Desktop/FachpraktikumRechnerarchitektur/srt_division/srt_division_vhdl/srt_division_vhdl.srcs/sources_1/new/radix4_srt_divider.vhd
Note:         just shift
Time: 130 ns  Iteration: 1  Process: /top_tb/dut/divider_i/line__115  File: /home/leon/Desktop/FachpraktikumRechnerarchitektur/srt_division/srt_division_vhdl/srt_division_vhdl.srcs/sources_1/new/radix4_srt_divider.vhd
Note: quotient_int = 0000000000000000000000000000000000000000000000000000000000000000
Time: 130 ns  Iteration: 1  Process: /top_tb/dut/divider_i/line__115  File: /home/leon/Desktop/FachpraktikumRechnerarchitektur/srt_division/srt_division_vhdl/srt_division_vhdl.srcs/sources_1/new/radix4_srt_divider.vhd
Note: shift_amount = 24
Time: 150 ns  Iteration: 1  Process: /top_tb/dut/divider_i/line__115  File: /home/leon/Desktop/FachpraktikumRechnerarchitektur/srt_division/srt_division_vhdl/srt_division_vhdl.srcs/sources_1/new/radix4_srt_divider.vhd
Note: remainder_r is 000000000000000000000000000000000000000000000000000000000000000000 <- quotient[24] = 0. decision bits are 000000
Time: 150 ns  Iteration: 1  Process: /top_tb/dut/divider_i/line__115  File: /home/leon/Desktop/FachpraktikumRechnerarchitektur/srt_division/srt_division_vhdl/srt_division_vhdl.srcs/sources_1/new/radix4_srt_divider.vhd
Note:         just shift
Time: 150 ns  Iteration: 1  Process: /top_tb/dut/divider_i/line__115  File: /home/leon/Desktop/FachpraktikumRechnerarchitektur/srt_division/srt_division_vhdl/srt_division_vhdl.srcs/sources_1/new/radix4_srt_divider.vhd
Note: quotient_int = 0000000000000000000000000000000000000000000000000000000000000000
Time: 150 ns  Iteration: 1  Process: /top_tb/dut/divider_i/line__115  File: /home/leon/Desktop/FachpraktikumRechnerarchitektur/srt_division/srt_division_vhdl/srt_division_vhdl.srcs/sources_1/new/radix4_srt_divider.vhd
Note: shift_amount = 22
Time: 170 ns  Iteration: 1  Process: /top_tb/dut/divider_i/line__115  File: /home/leon/Desktop/FachpraktikumRechnerarchitektur/srt_division/srt_division_vhdl/srt_division_vhdl.srcs/sources_1/new/radix4_srt_divider.vhd
Note: remainder_r is 000000000000000000000000000000000000000000000000000000000000000000 <- quotient[22] = 0. decision bits are 000000
Time: 170 ns  Iteration: 1  Process: /top_tb/dut/divider_i/line__115  File: /home/leon/Desktop/FachpraktikumRechnerarchitektur/srt_division/srt_division_vhdl/srt_division_vhdl.srcs/sources_1/new/radix4_srt_divider.vhd
Note:         just shift
Time: 170 ns  Iteration: 1  Process: /top_tb/dut/divider_i/line__115  File: /home/leon/Desktop/FachpraktikumRechnerarchitektur/srt_division/srt_division_vhdl/srt_division_vhdl.srcs/sources_1/new/radix4_srt_divider.vhd
Note: quotient_int = 0000000000000000000000000000000000000000000000000000000000000000
Time: 170 ns  Iteration: 1  Process: /top_tb/dut/divider_i/line__115  File: /home/leon/Desktop/FachpraktikumRechnerarchitektur/srt_division/srt_division_vhdl/srt_division_vhdl.srcs/sources_1/new/radix4_srt_divider.vhd
Note: shift_amount = 20
Time: 190 ns  Iteration: 1  Process: /top_tb/dut/divider_i/line__115  File: /home/leon/Desktop/FachpraktikumRechnerarchitektur/srt_division/srt_division_vhdl/srt_division_vhdl.srcs/sources_1/new/radix4_srt_divider.vhd
Note: remainder_r is 000000000000000000000000000000000000000000000000000000000000000000 <- quotient[20] = 0. decision bits are 000000
Time: 190 ns  Iteration: 1  Process: /top_tb/dut/divider_i/line__115  File: /home/leon/Desktop/FachpraktikumRechnerarchitektur/srt_division/srt_division_vhdl/srt_division_vhdl.srcs/sources_1/new/radix4_srt_divider.vhd
Note:         just shift
Time: 190 ns  Iteration: 1  Process: /top_tb/dut/divider_i/line__115  File: /home/leon/Desktop/FachpraktikumRechnerarchitektur/srt_division/srt_division_vhdl/srt_division_vhdl.srcs/sources_1/new/radix4_srt_divider.vhd
Note: quotient_int = 0000000000000000000000000000000000000000000000000000000000000000
Time: 190 ns  Iteration: 1  Process: /top_tb/dut/divider_i/line__115  File: /home/leon/Desktop/FachpraktikumRechnerarchitektur/srt_division/srt_division_vhdl/srt_division_vhdl.srcs/sources_1/new/radix4_srt_divider.vhd
Note: shift_amount = 18
Time: 210 ns  Iteration: 1  Process: /top_tb/dut/divider_i/line__115  File: /home/leon/Desktop/FachpraktikumRechnerarchitektur/srt_division/srt_division_vhdl/srt_division_vhdl.srcs/sources_1/new/radix4_srt_divider.vhd
Note: remainder_r is 000000000000000000000000000000000000000000000000000000000000000000 <- quotient[18] = 0. decision bits are 000000
Time: 210 ns  Iteration: 1  Process: /top_tb/dut/divider_i/line__115  File: /home/leon/Desktop/FachpraktikumRechnerarchitektur/srt_division/srt_division_vhdl/srt_division_vhdl.srcs/sources_1/new/radix4_srt_divider.vhd
Note:         just shift
Time: 210 ns  Iteration: 1  Process: /top_tb/dut/divider_i/line__115  File: /home/leon/Desktop/FachpraktikumRechnerarchitektur/srt_division/srt_division_vhdl/srt_division_vhdl.srcs/sources_1/new/radix4_srt_divider.vhd
Note: quotient_int = 0000000000000000000000000000000000000000000000000000000000000000
Time: 210 ns  Iteration: 1  Process: /top_tb/dut/divider_i/line__115  File: /home/leon/Desktop/FachpraktikumRechnerarchitektur/srt_division/srt_division_vhdl/srt_division_vhdl.srcs/sources_1/new/radix4_srt_divider.vhd
Note: shift_amount = 16
Time: 230 ns  Iteration: 1  Process: /top_tb/dut/divider_i/line__115  File: /home/leon/Desktop/FachpraktikumRechnerarchitektur/srt_division/srt_division_vhdl/srt_division_vhdl.srcs/sources_1/new/radix4_srt_divider.vhd
Note: remainder_r is 000000000000000000000000000000000000000000000000000000000000000000 <- quotient[16] = 0. decision bits are 000000
Time: 230 ns  Iteration: 1  Process: /top_tb/dut/divider_i/line__115  File: /home/leon/Desktop/FachpraktikumRechnerarchitektur/srt_division/srt_division_vhdl/srt_division_vhdl.srcs/sources_1/new/radix4_srt_divider.vhd
Note:         just shift
Time: 230 ns  Iteration: 1  Process: /top_tb/dut/divider_i/line__115  File: /home/leon/Desktop/FachpraktikumRechnerarchitektur/srt_division/srt_division_vhdl/srt_division_vhdl.srcs/sources_1/new/radix4_srt_divider.vhd
Note: quotient_int = 0000000000000000000000000000000000000000000000000000000000000000
Time: 230 ns  Iteration: 1  Process: /top_tb/dut/divider_i/line__115  File: /home/leon/Desktop/FachpraktikumRechnerarchitektur/srt_division/srt_division_vhdl/srt_division_vhdl.srcs/sources_1/new/radix4_srt_divider.vhd
Note: shift_amount = 14
Time: 250 ns  Iteration: 1  Process: /top_tb/dut/divider_i/line__115  File: /home/leon/Desktop/FachpraktikumRechnerarchitektur/srt_division/srt_division_vhdl/srt_division_vhdl.srcs/sources_1/new/radix4_srt_divider.vhd
Note: remainder_r is 000000000000000000000000000000000000000000000000000000000000000000 <- quotient[14] = 0. decision bits are 000000
Time: 250 ns  Iteration: 1  Process: /top_tb/dut/divider_i/line__115  File: /home/leon/Desktop/FachpraktikumRechnerarchitektur/srt_division/srt_division_vhdl/srt_division_vhdl.srcs/sources_1/new/radix4_srt_divider.vhd
Note:         just shift
Time: 250 ns  Iteration: 1  Process: /top_tb/dut/divider_i/line__115  File: /home/leon/Desktop/FachpraktikumRechnerarchitektur/srt_division/srt_division_vhdl/srt_division_vhdl.srcs/sources_1/new/radix4_srt_divider.vhd
Note: quotient_int = 0000000000000000000000000000000000000000000000000000000000000000
Time: 250 ns  Iteration: 1  Process: /top_tb/dut/divider_i/line__115  File: /home/leon/Desktop/FachpraktikumRechnerarchitektur/srt_division/srt_division_vhdl/srt_division_vhdl.srcs/sources_1/new/radix4_srt_divider.vhd
Note: shift_amount = 12
Time: 270 ns  Iteration: 1  Process: /top_tb/dut/divider_i/line__115  File: /home/leon/Desktop/FachpraktikumRechnerarchitektur/srt_division/srt_division_vhdl/srt_division_vhdl.srcs/sources_1/new/radix4_srt_divider.vhd
Note: remainder_r is 000000000000000000000000000000000000000000000000000000000000000000 <- quotient[12] = 0. decision bits are 000000
Time: 270 ns  Iteration: 1  Process: /top_tb/dut/divider_i/line__115  File: /home/leon/Desktop/FachpraktikumRechnerarchitektur/srt_division/srt_division_vhdl/srt_division_vhdl.srcs/sources_1/new/radix4_srt_divider.vhd
Note:         just shift
Time: 270 ns  Iteration: 1  Process: /top_tb/dut/divider_i/line__115  File: /home/leon/Desktop/FachpraktikumRechnerarchitektur/srt_division/srt_division_vhdl/srt_division_vhdl.srcs/sources_1/new/radix4_srt_divider.vhd
Note: quotient_int = 0000000000000000000000000000000000000000000000000000000000000000
Time: 270 ns  Iteration: 1  Process: /top_tb/dut/divider_i/line__115  File: /home/leon/Desktop/FachpraktikumRechnerarchitektur/srt_division/srt_division_vhdl/srt_division_vhdl.srcs/sources_1/new/radix4_srt_divider.vhd
Note: shift_amount = 10
Time: 290 ns  Iteration: 1  Process: /top_tb/dut/divider_i/line__115  File: /home/leon/Desktop/FachpraktikumRechnerarchitektur/srt_division/srt_division_vhdl/srt_division_vhdl.srcs/sources_1/new/radix4_srt_divider.vhd
Note: remainder_r is 000000000000000000000000000000000000000000000000000000000000000000 <- quotient[10] = 0. decision bits are 000000
Time: 290 ns  Iteration: 1  Process: /top_tb/dut/divider_i/line__115  File: /home/leon/Desktop/FachpraktikumRechnerarchitektur/srt_division/srt_division_vhdl/srt_division_vhdl.srcs/sources_1/new/radix4_srt_divider.vhd
Note:         just shift
Time: 290 ns  Iteration: 1  Process: /top_tb/dut/divider_i/line__115  File: /home/leon/Desktop/FachpraktikumRechnerarchitektur/srt_division/srt_division_vhdl/srt_division_vhdl.srcs/sources_1/new/radix4_srt_divider.vhd
Note: quotient_int = 0000000000000000000000000000000000000000000000000000000000000000
Time: 290 ns  Iteration: 1  Process: /top_tb/dut/divider_i/line__115  File: /home/leon/Desktop/FachpraktikumRechnerarchitektur/srt_division/srt_division_vhdl/srt_division_vhdl.srcs/sources_1/new/radix4_srt_divider.vhd
Note: shift_amount = 8
Time: 310 ns  Iteration: 1  Process: /top_tb/dut/divider_i/line__115  File: /home/leon/Desktop/FachpraktikumRechnerarchitektur/srt_division/srt_division_vhdl/srt_division_vhdl.srcs/sources_1/new/radix4_srt_divider.vhd
Note: remainder_r is 000000000000000000000000000000000000000000000000000000000000000000 <- quotient[8] = 0. decision bits are 000000
Time: 310 ns  Iteration: 1  Process: /top_tb/dut/divider_i/line__115  File: /home/leon/Desktop/FachpraktikumRechnerarchitektur/srt_division/srt_division_vhdl/srt_division_vhdl.srcs/sources_1/new/radix4_srt_divider.vhd
Note:         just shift
Time: 310 ns  Iteration: 1  Process: /top_tb/dut/divider_i/line__115  File: /home/leon/Desktop/FachpraktikumRechnerarchitektur/srt_division/srt_division_vhdl/srt_division_vhdl.srcs/sources_1/new/radix4_srt_divider.vhd
Note: quotient_int = 0000000000000000000000000000000000000000000000000000000000000000
Time: 310 ns  Iteration: 1  Process: /top_tb/dut/divider_i/line__115  File: /home/leon/Desktop/FachpraktikumRechnerarchitektur/srt_division/srt_division_vhdl/srt_division_vhdl.srcs/sources_1/new/radix4_srt_divider.vhd
Note: shift_amount = 6
Time: 330 ns  Iteration: 1  Process: /top_tb/dut/divider_i/line__115  File: /home/leon/Desktop/FachpraktikumRechnerarchitektur/srt_division/srt_division_vhdl/srt_division_vhdl.srcs/sources_1/new/radix4_srt_divider.vhd
Note: remainder_r is 000000000000000000000000000000000000000000000000000000000000000000 <- quotient[6] = 0. decision bits are 000000
Time: 330 ns  Iteration: 1  Process: /top_tb/dut/divider_i/line__115  File: /home/leon/Desktop/FachpraktikumRechnerarchitektur/srt_division/srt_division_vhdl/srt_division_vhdl.srcs/sources_1/new/radix4_srt_divider.vhd
Note:         just shift
Time: 330 ns  Iteration: 1  Process: /top_tb/dut/divider_i/line__115  File: /home/leon/Desktop/FachpraktikumRechnerarchitektur/srt_division/srt_division_vhdl/srt_division_vhdl.srcs/sources_1/new/radix4_srt_divider.vhd
Note: quotient_int = 0000000000000000000000000000000000000000000000000000000000000000
Time: 330 ns  Iteration: 1  Process: /top_tb/dut/divider_i/line__115  File: /home/leon/Desktop/FachpraktikumRechnerarchitektur/srt_division/srt_division_vhdl/srt_division_vhdl.srcs/sources_1/new/radix4_srt_divider.vhd
Note: shift_amount = 4
Time: 350 ns  Iteration: 1  Process: /top_tb/dut/divider_i/line__115  File: /home/leon/Desktop/FachpraktikumRechnerarchitektur/srt_division/srt_division_vhdl/srt_division_vhdl.srcs/sources_1/new/radix4_srt_divider.vhd
Note: remainder_r is 000000000000000000000000000000000000000000000000000000000000000000 <- quotient[4] = 0. decision bits are 000000
Time: 350 ns  Iteration: 1  Process: /top_tb/dut/divider_i/line__115  File: /home/leon/Desktop/FachpraktikumRechnerarchitektur/srt_division/srt_division_vhdl/srt_division_vhdl.srcs/sources_1/new/radix4_srt_divider.vhd
Note:         just shift
Time: 350 ns  Iteration: 1  Process: /top_tb/dut/divider_i/line__115  File: /home/leon/Desktop/FachpraktikumRechnerarchitektur/srt_division/srt_division_vhdl/srt_division_vhdl.srcs/sources_1/new/radix4_srt_divider.vhd
Note: quotient_int = 0000000000000000000000000000000000000000000000000000000000000000
Time: 350 ns  Iteration: 1  Process: /top_tb/dut/divider_i/line__115  File: /home/leon/Desktop/FachpraktikumRechnerarchitektur/srt_division/srt_division_vhdl/srt_division_vhdl.srcs/sources_1/new/radix4_srt_divider.vhd
Note: shift_amount = 2
Time: 370 ns  Iteration: 1  Process: /top_tb/dut/divider_i/line__115  File: /home/leon/Desktop/FachpraktikumRechnerarchitektur/srt_division/srt_division_vhdl/srt_division_vhdl.srcs/sources_1/new/radix4_srt_divider.vhd
Note: remainder_r is 000000000000000000000000000000000000000000000000000000000000000000 <- quotient[2] = 0. decision bits are 000000
Time: 370 ns  Iteration: 1  Process: /top_tb/dut/divider_i/line__115  File: /home/leon/Desktop/FachpraktikumRechnerarchitektur/srt_division/srt_division_vhdl/srt_division_vhdl.srcs/sources_1/new/radix4_srt_divider.vhd
Note:         just shift
Time: 370 ns  Iteration: 1  Process: /top_tb/dut/divider_i/line__115  File: /home/leon/Desktop/FachpraktikumRechnerarchitektur/srt_division/srt_division_vhdl/srt_division_vhdl.srcs/sources_1/new/radix4_srt_divider.vhd
Note: quotient_int = 0000000000000000000000000000000000000000000000000000000000000000
Time: 370 ns  Iteration: 1  Process: /top_tb/dut/divider_i/line__115  File: /home/leon/Desktop/FachpraktikumRechnerarchitektur/srt_division/srt_division_vhdl/srt_division_vhdl.srcs/sources_1/new/radix4_srt_divider.vhd
Note: shift_amount = 0
Time: 390 ns  Iteration: 1  Process: /top_tb/dut/divider_i/line__115  File: /home/leon/Desktop/FachpraktikumRechnerarchitektur/srt_division/srt_division_vhdl/srt_division_vhdl.srcs/sources_1/new/radix4_srt_divider.vhd
Note: remainder_r is 000000000000000000000000000000000000000000000000000000000000000000 <- quotient[0] = 0. decision bits are 000000
Time: 390 ns  Iteration: 1  Process: /top_tb/dut/divider_i/line__115  File: /home/leon/Desktop/FachpraktikumRechnerarchitektur/srt_division/srt_division_vhdl/srt_division_vhdl.srcs/sources_1/new/radix4_srt_divider.vhd
Note:         just shift
Time: 390 ns  Iteration: 1  Process: /top_tb/dut/divider_i/line__115  File: /home/leon/Desktop/FachpraktikumRechnerarchitektur/srt_division/srt_division_vhdl/srt_division_vhdl.srcs/sources_1/new/radix4_srt_divider.vhd
Note: quotient_int = 0000000000000000000000000000000000000000000000000000000000000000
Time: 390 ns  Iteration: 1  Process: /top_tb/dut/divider_i/line__115  File: /home/leon/Desktop/FachpraktikumRechnerarchitektur/srt_division/srt_division_vhdl/srt_division_vhdl.srcs/sources_1/new/radix4_srt_divider.vhd
Note: remainder is positive so shift remainder
Time: 410 ns  Iteration: 1  Process: /top_tb/dut/divider_i/line__115  File: /home/leon/Desktop/FachpraktikumRechnerarchitektur/srt_division/srt_division_vhdl/srt_division_vhdl.srcs/sources_1/new/radix4_srt_divider.vhd
Note: remainder = 0, quotient = 0
Time: 410 ns  Iteration: 1  Process: /top_tb/dut/divider_i/line__115  File: /home/leon/Desktop/FachpraktikumRechnerarchitektur/srt_division/srt_division_vhdl/srt_division_vhdl.srcs/sources_1/new/radix4_srt_divider.vhd
Note: remainder_r is 000000000000000000000000000000000000000000000000000000000000000000
Time: 410 ns  Iteration: 1  Process: /top_tb/dut/divider_i/line__115  File: /home/leon/Desktop/FachpraktikumRechnerarchitektur/srt_division/srt_division_vhdl/srt_division_vhdl.srcs/sources_1/new/radix4_srt_divider.vhd
