#
# An unexpected error has occurred (6)
#
Stack:
/lib/x86_64-linux-gnu/libc.so.6(+0x3c050) [0x7f957ee5b050]
/lib/x86_64-linux-gnu/libc.so.6(+0x8ae2c) [0x7f957eea9e2c]
/lib/x86_64-linux-gnu/libc.so.6(gsignal+0x12) [0x7f957ee5afb2]
/lib/x86_64-linux-gnu/libc.so.6(abort+0xd3) [0x7f957ee45472]
/ext/eda/vivado/Vivado/2022.2/lib/lnx64.o/Default/libstdc++.so.6(+0x8ba13) [0x7f957f08ba13]
/ext/eda/vivado/Vivado/2022.2/lib/lnx64.o/Default/libstdc++.so.6(+0x91b86) [0x7f957f091b86]
/ext/eda/vivado/Vivado/2022.2/lib/lnx64.o/Default/libstdc++.so.6(+0x90c79) [0x7f957f090c79]
/ext/eda/vivado/Vivado/2022.2/lib/lnx64.o/Default/libstdc++.so.6(__gxx_personality_v0+0x2c5) [0x7f957f0915c5]
/ext/eda/vivado/Vivado/2022.2/lib/lnx64.o/Default/libgcc_s.so.1(+0x104e3) [0x7f957ec104e3]
/ext/eda/vivado/Vivado/2022.2/lib/lnx64.o/Default/libgcc_s.so.1(_Unwind_Resume+0x125) [0x7f957ec10d65]
/ext/eda/vivado/Vivado/2022.2/lib/lnx64.o/libboost_thread.so(+0x11695) [0x7f957d011695]
/ext/eda/vivado/Vivado/2022.2/lib/lnx64.o/librdi_simbridge_kernel.so(SimBridge::WdbSharedMemReader::restart()+0x1f) [0x7f95726cdbff]
/ext/eda/vivado/Vivado/2022.2/lib/lnx64.o/librdi_wavedata.so(SimBridge::DataReader::restart()+0xe4) [0x7f955118c114]
/ext/eda/vivado/Vivado/2022.2/lib/lnx64.o/librdi_wavedata.so(SimBridge::FrontEndControl::runRestart() const+0x5d) [0x7f9551122d4d]
/ext/eda/vivado/Vivado/2022.2/lib/lnx64.o/librdi_simdata.so(RSDData::RSDLiveSimulationObjectImp::issueBlockingCommand(RSDData::CommandContainer const&, HDGUIStatus*, Tcl_Interp*)+0x883) [0x7f9576b5f393]
/ext/eda/vivado/Vivado/2022.2/lib/lnx64.o/librdi_simdata.so(RSDData::RSDLiveSimulationObject::issueRunRestart()+0x36) [0x7f9576b5f626]
/ext/eda/vivado/Vivado/2022.2/lib/lnx64.o/librdi_simtcltasks.so(+0x21c4c8) [0x7f9505f744c8]
/ext/eda/vivado/Vivado/2022.2/lib/lnx64.o/librdi_common.so(+0xb9430f) [0x7f957ffec30f]
/ext/eda/vivado/Vivado/2022.2/lib/lnx64.o/libtcl8.5.so(+0x3356f) [0x7f9579c3356f]
/ext/eda/vivado/Vivado/2022.2/lib/lnx64.o/libtcl8.5.so(+0x76945) [0x7f9579c76945]
/ext/eda/vivado/Vivado/2022.2/lib/lnx64.o/libtcl8.5.so(+0x7e0f9) [0x7f9579c7e0f9]
/ext/eda/vivado/Vivado/2022.2/lib/lnx64.o/libtcl8.5.so(TclEvalObjEx+0x76) [0x7f9579c35216]
/ext/eda/vivado/Vivado/2022.2/lib/lnx64.o/librdi_common.so(+0xb91c33) [0x7f957ffe9c33]
/ext/eda/vivado/Vivado/2022.2/lib/lnx64.o/libtcl8.5.so(Tcl_ServiceEvent+0x7f) [0x7f9579ca7bef]
/ext/eda/vivado/Vivado/2022.2/lib/lnx64.o/libtcl8.5.so(Tcl_DoOneEvent+0x154) [0x7f9579ca7f24]
/ext/eda/vivado/Vivado/2022.2/lib/lnx64.o/librdi_commontasks.so(+0x2b3c27) [0x7f957321fc27]
/ext/eda/vivado/Vivado/2022.2/lib/lnx64.o/librdi_commontasks.so(+0x2bc4f7) [0x7f95732284f7]
/ext/eda/vivado/Vivado/2022.2/lib/lnx64.o/librdi_commontasks.so(+0x2bcdff) [0x7f9573228dff]
/ext/eda/vivado/Vivado/2022.2/lib/lnx64.o/librdi_common.so(+0xb9430f) [0x7f957ffec30f]
/ext/eda/vivado/Vivado/2022.2/lib/lnx64.o/libtcl8.5.so(+0x3356f) [0x7f9579c3356f]
/ext/eda/vivado/Vivado/2022.2/lib/lnx64.o/libtcl8.5.so(+0x76945) [0x7f9579c76945]
/ext/eda/vivado/Vivado/2022.2/lib/lnx64.o/libtcl8.5.so(+0x7e0f9) [0x7f9579c7e0f9]
/ext/eda/vivado/Vivado/2022.2/lib/lnx64.o/libtcl8.5.so(TclEvalObjEx+0x76) [0x7f9579c35216]
/ext/eda/vivado/Vivado/2022.2/lib/lnx64.o/librdi_commonmain.so(+0xc3d8) [0x7f9580b933d8]
/ext/eda/vivado/Vivado/2022.2/lib/lnx64.o/libtcl8.5.so(Tcl_Main+0x1d0) [0x7f9579ca02f0]
/ext/eda/vivado/Vivado/2022.2/lib/lnx64.o/librdi_common.so(+0xbc17ab) [0x7f95800197ab]
/lib/x86_64-linux-gnu/libc.so.6(+0x89134) [0x7f957eea8134]
/lib/x86_64-linux-gnu/libc.so.6(+0x1097dc) [0x7f957ef287dc]
