#
# An unexpected error has occurred (6)
#
Stack:
/lib/x86_64-linux-gnu/libc.so.6(+0x3c050) [0x7f000625b050]
/lib/x86_64-linux-gnu/libc.so.6(+0x8ae2c) [0x7f00062a9e2c]
/lib/x86_64-linux-gnu/libc.so.6(gsignal+0x12) [0x7f000625afb2]
/lib/x86_64-linux-gnu/libc.so.6(abort+0xd3) [0x7f0006245472]
/ext/eda/vivado/Vivado/2022.2/lib/lnx64.o/Default/libstdc++.so.6(+0x8ba13) [0x7f000648ba13]
/ext/eda/vivado/Vivado/2022.2/lib/lnx64.o/Default/libstdc++.so.6(+0x91b86) [0x7f0006491b86]
/ext/eda/vivado/Vivado/2022.2/lib/lnx64.o/Default/libstdc++.so.6(+0x90c79) [0x7f0006490c79]
/ext/eda/vivado/Vivado/2022.2/lib/lnx64.o/Default/libstdc++.so.6(__gxx_personality_v0+0x2c5) [0x7f00064915c5]
/ext/eda/vivado/Vivado/2022.2/lib/lnx64.o/Default/libgcc_s.so.1(+0x104e3) [0x7f00060104e3]
/ext/eda/vivado/Vivado/2022.2/lib/lnx64.o/Default/libgcc_s.so.1(_Unwind_Resume+0x125) [0x7f0006010d65]
/ext/eda/vivado/Vivado/2022.2/lib/lnx64.o/libboost_thread.so(+0x11695) [0x7f0004211695]
/ext/eda/vivado/Vivado/2022.2/lib/lnx64.o/librdi_simbridge_kernel.so(SimBridge::WdbSharedMemReader::restart()+0x1f) [0x7efff98cdbff]
/ext/eda/vivado/Vivado/2022.2/lib/lnx64.o/librdi_wavedata.so(SimBridge::DataReader::restart()+0xe4) [0x7effd838c114]
/ext/eda/vivado/Vivado/2022.2/lib/lnx64.o/librdi_wavedata.so(SimBridge::FrontEndControl::runRestart() const+0x5d) [0x7effd8322d4d]
/ext/eda/vivado/Vivado/2022.2/lib/lnx64.o/librdi_simdata.so(RSDData::RSDLiveSimulationObjectImp::issueBlockingCommand(RSDData::CommandContainer const&, HDGUIStatus*, Tcl_Interp*)+0x883) [0x7f000155f393]
/ext/eda/vivado/Vivado/2022.2/lib/lnx64.o/librdi_simdata.so(RSDData::RSDLiveSimulationObject::issueRunRestart()+0x36) [0x7f000155f626]
/ext/eda/vivado/Vivado/2022.2/lib/lnx64.o/librdi_simtcltasks.so(+0x21c4c8) [0x7eff89e334c8]
/ext/eda/vivado/Vivado/2022.2/lib/lnx64.o/librdi_common.so(+0xb9430f) [0x7f00073ec30f]
/ext/eda/vivado/Vivado/2022.2/lib/lnx64.o/libtcl8.5.so(+0x3356f) [0x7f0000e3356f]
/ext/eda/vivado/Vivado/2022.2/lib/lnx64.o/libtcl8.5.so(+0x76945) [0x7f0000e76945]
/ext/eda/vivado/Vivado/2022.2/lib/lnx64.o/libtcl8.5.so(+0x7e0f9) [0x7f0000e7e0f9]
/ext/eda/vivado/Vivado/2022.2/lib/lnx64.o/libtcl8.5.so(TclEvalObjEx+0x76) [0x7f0000e35216]
/ext/eda/vivado/Vivado/2022.2/lib/lnx64.o/librdi_common.so(+0xb91c33) [0x7f00073e9c33]
/ext/eda/vivado/Vivado/2022.2/lib/lnx64.o/libtcl8.5.so(Tcl_ServiceEvent+0x7f) [0x7f0000ea7bef]
/ext/eda/vivado/Vivado/2022.2/lib/lnx64.o/libtcl8.5.so(Tcl_DoOneEvent+0x154) [0x7f0000ea7f24]
/ext/eda/vivado/Vivado/2022.2/lib/lnx64.o/librdi_commontasks.so(+0x2b3c27) [0x7efffa41fc27]
/ext/eda/vivado/Vivado/2022.2/lib/lnx64.o/librdi_commontasks.so(+0x2bc4f7) [0x7efffa4284f7]
/ext/eda/vivado/Vivado/2022.2/lib/lnx64.o/librdi_commontasks.so(+0x2bcdff) [0x7efffa428dff]
/ext/eda/vivado/Vivado/2022.2/lib/lnx64.o/librdi_common.so(+0xb9430f) [0x7f00073ec30f]
/ext/eda/vivado/Vivado/2022.2/lib/lnx64.o/libtcl8.5.so(+0x3356f) [0x7f0000e3356f]
/ext/eda/vivado/Vivado/2022.2/lib/lnx64.o/libtcl8.5.so(+0x76945) [0x7f0000e76945]
/ext/eda/vivado/Vivado/2022.2/lib/lnx64.o/libtcl8.5.so(+0x7e0f9) [0x7f0000e7e0f9]
/ext/eda/vivado/Vivado/2022.2/lib/lnx64.o/libtcl8.5.so(TclEvalObjEx+0x76) [0x7f0000e35216]
/ext/eda/vivado/Vivado/2022.2/lib/lnx64.o/librdi_commonmain.so(+0xc3d8) [0x7f0007f403d8]
/ext/eda/vivado/Vivado/2022.2/lib/lnx64.o/libtcl8.5.so(Tcl_Main+0x1d0) [0x7f0000ea02f0]
/ext/eda/vivado/Vivado/2022.2/lib/lnx64.o/librdi_common.so(+0xbc17ab) [0x7f00074197ab]
/lib/x86_64-linux-gnu/libc.so.6(+0x89134) [0x7f00062a8134]
/lib/x86_64-linux-gnu/libc.so.6(+0x1097dc) [0x7f00063287dc]
