Vivado Simulator v2023.2
Copyright 1986-2022 Xilinx, Inc. All Rights Reserved.
Copyright 2022-2023 Advanced Micro Devices, Inc. All Rights Reserved.
Running: /usr/local/Xilinx/Vivado/2023.2/bin/unwrapped/lnx64.o/xelab --incr --debug typical --relax --mt 8 -L xil_defaultlib -L unisims_ver -L unimacro_ver -L secureip --snapshot top_tb_behav xil_defaultlib.top_tb xil_defaultlib.glbl -log elaborate.log 
Using 8 slave threads.
Starting static elaboration
Pass Through NonSizing Optimizer
Completed static elaboration
Starting simulation data flow analysis
WARNING: [XSIM 43-4099] "/home/leon/Desktop/pythonProject/pythonProject/div_wrapper.v" Line 1. Module d_wrapper doesn't have a timescale but at least one module in design has a timescale.
WARNING: [XSIM 43-4099] "/home/leon/Desktop/pythonProject/pythonProject/divider_radix4.v" Line 1. Module radix4_64 doesn't have a timescale but at least one module in design has a timescale.
WARNING: [XSIM 43-4099] "/home/leon/Desktop/pythonProject/pythonProject/div_wrapper.v" Line 1. Module d_wrapper doesn't have a timescale but at least one module in design has a timescale.
WARNING: [XSIM 43-4099] "/home/leon/Desktop/pythonProject/pythonProject/divider_radix4.v" Line 1. Module radix4_64 doesn't have a timescale but at least one module in design has a timescale.
Completed simulation data flow analysis
Time Resolution for simulation is 1ps
Compiling module xil_defaultlib.radix4_64
Compiling module xil_defaultlib.d_wrapper
Compiling module xil_defaultlib.top_tb
Compiling module xil_defaultlib.glbl
Built simulation snapshot top_tb_behav
